Using pre-set license
Built from '2021.1/staging' branch; Version is '2021.1.2f1 (e5d502d80fbb) revision 15062274'; Using compiler version '192528614'; Build Type 'Release'
OS: 'Windows 10 Pro; OS build 19042.1052; Version 2009; 64bit' Language: 'ko' Physical Memory: 16318 MB
BatchMode: 1, IsHumanControllingUs: 0, StartBugReporterOnCrash: 0, Is64bit: 1, IsPro: 0

 COMMAND LINE ARGUMENTS:
C:\Program Files\Unity\Hub\Editor\2021.1.2f1\Editor\Unity.exe
-adb2
-batchMode
-noUpm
-name
AssetImportWorker0
-projectPath
D:/Workspace/Unity/99_example/UniRUN_0625
-logFile
Logs/AssetImportWorker0.log
-srvPort
59893
Successfully changed project path to: D:/Workspace/Unity/99_example/UniRUN_0625
D:/Workspace/Unity/99_example/UniRUN_0625
Using Asset Import Pipeline V2.
Refreshing native plugins compatible for Editor in 86.45 ms, found 2 plugins.
Preloading 0 native plugins for Editor in 0.00 ms.
Initialize engine version: 2021.1.2f1 (e5d502d80fbb)
[Subsystems] Discovering subsystems at path C:/Program Files/Unity/Hub/Editor/2021.1.2f1/Editor/Data/Resources/UnitySubsystems
[Subsystems] Discovering subsystems at path D:/Workspace/Unity/99_example/UniRUN_0625/Assets
GfxDevice: creating device client; threaded=0; jobified=0
Direct3D:
    Version:  Direct3D 11.0 [level 11.1]
    Renderer: NVIDIA GeForce GTX 1660 SUPER (ID=0x21c4)
    Vendor:   NVIDIA
    VRAM:     5991 MB
    Driver:   27.21.14.6627
Initialize mono
Mono path[0] = 'C:/Program Files/Unity/Hub/Editor/2021.1.2f1/Editor/Data/Managed'
Mono path[1] = 'C:/Program Files/Unity/Hub/Editor/2021.1.2f1/Editor/Data/MonoBleedingEdge/lib/mono/unityjit'
Mono config path = 'C:/Program Files/Unity/Hub/Editor/2021.1.2f1/Editor/Data/MonoBleedingEdge/etc'
Using monoOptions --debugger-agent=transport=dt_socket,embedding=1,server=y,suspend=n,address=127.0.0.1:56044
Begin MonoManager ReloadAssembly
Registering precompiled unity dll's ...
Register platform support module: C:/Program Files/Unity/Hub/Editor/2021.1.2f1/Editor/Data/PlaybackEngines/WindowsStandaloneSupport/UnityEditor.WindowsStandalone.Extensions.dll
Registered in 0.002205 seconds.
Native extension for WindowsStandalone target not found
Refreshing native plugins compatible for Editor in 85.11 ms, found 2 plugins.
Preloading 0 native plugins for Editor in 0.00 ms.
Mono: successfully reloaded assembly
- Completed reload, in  1.163 seconds
Platform modules already initialized, skipping
Registering precompiled user dll's ...
Registered in 0.006207 seconds.
Begin MonoManager ReloadAssembly
Native extension for WindowsStandalone target not found
Refreshing native plugins compatible for Editor in 85.74 ms, found 2 plugins.
Preloading 0 native plugins for Editor in 0.00 ms.
Mono: successfully reloaded assembly
- Completed reload, in  1.043 seconds
Platform modules already initialized, skipping
========================================================================
Worker process is ready to serve import requests
Launched and connected shader compiler UnityShaderCompiler.exe after 0.05 seconds
Refreshing native plugins compatible for Editor in 0.68 ms, found 2 plugins.
Preloading 0 native plugins for Editor in 0.00 ms.
Unloading 3366 Unused Serialized files (Serialized files now loaded: 0)
System memory in use before: 132.0 MB.
System memory in use after: 132.0 MB.

Unloading 29 unused Assets to reduce memory usage. Loaded Objects now: 3818.
Total: 2.287200 ms (FindLiveObjects: 0.259000 ms CreateObjectMapping: 0.087000 ms MarkObjects: 1.842800 ms  DeleteObjects: 0.097500 ms)

========================================================================
Received Import Request.
  path: Assets/Sprites/Platform.png
  artifactKey: Guid(5741b32a258714aeb878182f438cb29f) Importer(815301076,1909f56bfc062723c751e8b465ee728b)
Start importing Assets/Sprites/Platform.png using Guid(5741b32a258714aeb878182f438cb29f) Importer(815301076,1909f56bfc062723c751e8b465ee728b)  -> (artifact id: '26745f41d96952152819dfcab9080406') in 0.133814 seconds 
========================================================================
Received Import Request.
  Time since last request: 0.000249 seconds.
  path: Assets/Sprites/Toko_Run.png
  artifactKey: Guid(d7159a67a357942ef8404ce06e20db64) Importer(815301076,1909f56bfc062723c751e8b465ee728b)
Start importing Assets/Sprites/Toko_Run.png using Guid(d7159a67a357942ef8404ce06e20db64) Importer(815301076,1909f56bfc062723c751e8b465ee728b)  -> (artifact id: '22e37d8829fdc8e1b099c5af55a8c0c5') in 0.034137 seconds 
========================================================================
Received Import Request.
  Time since last request: 0.000128 seconds.
  path: Assets/Audio
  artifactKey: Guid(3d68a187e9d90434cbc5e76d55669dba) Importer(815301076,1909f56bfc062723c751e8b465ee728b)
Start importing Assets/Audio using Guid(3d68a187e9d90434cbc5e76d55669dba) Importer(815301076,1909f56bfc062723c751e8b465ee728b)  -> (artifact id: '51c086892b0860853b2b5ccb47b27b8a') in 0.002503 seconds 
========================================================================
Received Import Request.
  Time since last request: 0.000204 seconds.
  path: Assets/Sprites/Obstacle.png
  artifactKey: Guid(13782714fc1b64ce3b94b158effe6bda) Importer(815301076,1909f56bfc062723c751e8b465ee728b)
Start importing Assets/Sprites/Obstacle.png using Guid(13782714fc1b64ce3b94b158effe6bda) Importer(815301076,1909f56bfc062723c751e8b465ee728b)  -> (artifact id: 'a2763ad32344fbd620bc048876c8eae1') in 0.010533 seconds 
========================================================================
Received Import Request.
  Time since last request: 0.000172 seconds.
  path: Assets/Sprites
  artifactKey: Guid(5e7111d750837fe4e9af7b360e7d667c) Importer(815301076,1909f56bfc062723c751e8b465ee728b)
Start importing Assets/Sprites using Guid(5e7111d750837fe4e9af7b360e7d667c) Importer(815301076,1909f56bfc062723c751e8b465ee728b)  -> (artifact id: '640fe97cc03c50db22c1d455fb4134db') in 0.002707 seconds 
========================================================================
Received Import Request.
  Time since last request: 0.000167 seconds.
  path: Assets/Sprites/Platform_Long.png
  artifactKey: Guid(60b5cbf910608489ea5d7bbe0acbf14a) Importer(815301076,1909f56bfc062723c751e8b465ee728b)
Start importing Assets/Sprites/Platform_Long.png using Guid(60b5cbf910608489ea5d7bbe0acbf14a) Importer(815301076,1909f56bfc062723c751e8b465ee728b)  -> (artifact id: '39107de947aeafcd3b97e9732e296681') in 0.008493 seconds 
========================================================================
Received Import Request.
  Time since last request: 0.000287 seconds.
  path: Assets/Sprites/Toko_Jump.png
  artifactKey: Guid(f716f7502ddb743ef982e4d223876d5c) Importer(815301076,1909f56bfc062723c751e8b465ee728b)
Start importing Assets/Sprites/Toko_Jump.png using Guid(f716f7502ddb743ef982e4d223876d5c) Importer(815301076,1909f56bfc062723c751e8b465ee728b)  -> (artifact id: '3335e09e99316f0aa0e6961a80e200cc') in 0.014157 seconds 
========================================================================
Received Import Request.
  Time since last request: 0.000199 seconds.
  path: Assets/Sprites/Sky.png
  artifactKey: Guid(24770088dedc9e84b97afaa1c612d506) Importer(815301076,1909f56bfc062723c751e8b465ee728b)
Start importing Assets/Sprites/Sky.png using Guid(24770088dedc9e84b97afaa1c612d506) Importer(815301076,1909f56bfc062723c751e8b465ee728b)  -> (artifact id: '06bfe713744ebb69eb7d26f1a9b85a22') in 0.010803 seconds 
========================================================================
Received Import Request.
  Time since last request: 0.000206 seconds.
  path: Assets/Sprites/Toko_Die.png
  artifactKey: Guid(5b9cf154823f6440b9c40d54c5d1bdad) Importer(815301076,1909f56bfc062723c751e8b465ee728b)
Start importing Assets/Sprites/Toko_Die.png using Guid(5b9cf154823f6440b9c40d54c5d1bdad) Importer(815301076,1909f56bfc062723c751e8b465ee728b)  -> (artifact id: '65a3e0118e5c27a1fe49ff04d60a6511') in 0.014778 seconds 
========================================================================
Received Prepare
Registering precompiled user dll's ...
Registered in 0.006162 seconds.
Begin MonoManager ReloadAssembly
Native extension for WindowsStandalone target not found
Refreshing native plugins compatible for Editor in 0.65 ms, found 2 plugins.
Preloading 0 native plugins for Editor in 0.00 ms.
Mono: successfully reloaded assembly
- Completed reload, in  0.927 seconds
Platform modules already initialized, skipping
Refreshing native plugins compatible for Editor in 0.65 ms, found 2 plugins.
Preloading 0 native plugins for Editor in 0.00 ms.
Unloading 3368 Unused Serialized files (Serialized files now loaded: 0)
System memory in use before: 140.2 MB.
System memory in use after: 140.3 MB.

Unloading 17 unused Assets to reduce memory usage. Loaded Objects now: 3942.
Total: 2.477500 ms (FindLiveObjects: 0.284000 ms CreateObjectMapping: 0.086300 ms MarkObjects: 2.004700 ms  DeleteObjects: 0.101600 ms)

========================================================================
Received Prepare
Registering precompiled user dll's ...
Registered in 0.005949 seconds.
Begin MonoManager ReloadAssembly
Native extension for WindowsStandalone target not found
Refreshing native plugins compatible for Editor in 0.69 ms, found 2 plugins.
Preloading 0 native plugins for Editor in 0.00 ms.
Mono: successfully reloaded assembly
- Completed reload, in  0.905 seconds
Platform modules already initialized, skipping
Refreshing native plugins compatible for Editor in 0.76 ms, found 2 plugins.
Preloading 0 native plugins for Editor in 0.00 ms.
Unloading 3361 Unused Serialized files (Serialized files now loaded: 0)
System memory in use before: 140.0 MB.
System memory in use after: 140.1 MB.

Unloading 17 unused Assets to reduce memory usage. Loaded Objects now: 3946.
Total: 2.408400 ms (FindLiveObjects: 0.318600 ms CreateObjectMapping: 0.087100 ms MarkObjects: 1.914300 ms  DeleteObjects: 0.087400 ms)

========================================================================
Received Prepare
Registering precompiled user dll's ...
Registered in 0.006019 seconds.
Begin MonoManager ReloadAssembly
Native extension for WindowsStandalone target not found
Refreshing native plugins compatible for Editor in 0.77 ms, found 2 plugins.
Preloading 0 native plugins for Editor in 0.00 ms.
Mono: successfully reloaded assembly
- Completed reload, in  0.901 seconds
Platform modules already initialized, skipping
Refreshing native plugins compatible for Editor in 0.74 ms, found 2 plugins.
Preloading 0 native plugins for Editor in 0.00 ms.
Unloading 3361 Unused Serialized files (Serialized files now loaded: 0)
System memory in use before: 140.0 MB.
System memory in use after: 140.1 MB.

Unloading 17 unused Assets to reduce memory usage. Loaded Objects now: 3950.
Total: 2.309600 ms (FindLiveObjects: 0.281900 ms CreateObjectMapping: 0.088600 ms MarkObjects: 1.854500 ms  DeleteObjects: 0.083500 ms)

========================================================================
Received Import Request.
  Time since last request: 375.261858 seconds.
  path: Assets/Audio/die.wav
  artifactKey: Guid(668a107660fa54fe98e03b698a09aa49) Importer(815301076,1909f56bfc062723c751e8b465ee728b)
Start importing Assets/Audio/die.wav using Guid(668a107660fa54fe98e03b698a09aa49) Importer(815301076,1909f56bfc062723c751e8b465ee728b)  -> (artifact id: '1019cfb4d111c1ecde28642a90113dc1') in 0.418955 seconds 
========================================================================
Received Import Request.
  Time since last request: 0.000259 seconds.
  path: Assets/Audio/music.wav
  artifactKey: Guid(4dd43bb437e454be4a5cffc8d1065c21) Importer(815301076,1909f56bfc062723c751e8b465ee728b)
Start importing Assets/Audio/music.wav using Guid(4dd43bb437e454be4a5cffc8d1065c21) Importer(815301076,1909f56bfc062723c751e8b465ee728b)  -> (artifact id: '7809c9d6db0d69a1172f1563fdf0329a') in 0.008397 seconds 
========================================================================
Received Import Request.
  Time since last request: 0.000258 seconds.
  path: Assets/Audio/jump.wav
  artifactKey: Guid(7e1e32c51f4da464c97260039524fe15) Importer(815301076,1909f56bfc062723c751e8b465ee728b)
Start importing Assets/Audio/jump.wav using Guid(7e1e32c51f4da464c97260039524fe15) Importer(815301076,1909f56bfc062723c751e8b465ee728b)  -> (artifact id: '31ca67b9ce5e30028f1d56879e023b28') in 0.012341 seconds 
========================================================================
Received Import Request.
  Time since last request: 11.614222 seconds.
  path: Assets/New Animation.anim
  artifactKey: Guid(d79f421957471f448a601a084652ce4b) Importer(815301076,1909f56bfc062723c751e8b465ee728b)
Start importing Assets/New Animation.anim using Guid(d79f421957471f448a601a084652ce4b) Importer(815301076,1909f56bfc062723c751e8b465ee728b)  -> (artifact id: '80eb29cf789ccf92f1842d037f86a905') in 0.008871 seconds 
========================================================================
Received Import Request.
  Time since last request: 8.106404 seconds.
  path: Assets/Player.controller
  artifactKey: Guid(493d490d4d5f7904b94cf3c0fb2cdef6) Importer(815301076,1909f56bfc062723c751e8b465ee728b)
Start importing Assets/Player.controller using Guid(493d490d4d5f7904b94cf3c0fb2cdef6) Importer(815301076,1909f56bfc062723c751e8b465ee728b)  -> (artifact id: '9f0ecefee9b1c34b6df8862fab121a55') in 0.006891 seconds 
========================================================================
Received Import Request.
  Time since last request: 55.866903 seconds.
  path: Assets/Sprites/Jump.anim
  artifactKey: Guid(bb117323bf65b844f8c9925fdc0eecda) Importer(815301076,1909f56bfc062723c751e8b465ee728b)
Start importing Assets/Sprites/Jump.anim using Guid(bb117323bf65b844f8c9925fdc0eecda) Importer(815301076,1909f56bfc062723c751e8b465ee728b)  -> (artifact id: '236178b8181c2b43e1ae08ae5062ea37') in 0.003899 seconds 
========================================================================
Received Import Request.
  Time since last request: 224.439349 seconds.
  path: Assets
  artifactKey: Guid(00000000000000001000000000000000) Importer(815301076,1909f56bfc062723c751e8b465ee728b)
Start importing Assets using Guid(00000000000000001000000000000000) Importer(815301076,1909f56bfc062723c751e8b465ee728b)  -> (artifact id: '3a3c96ab4986816b7b77dea28d49d6a8') in 0.003092 seconds 
========================================================================
Received Import Request.
  Time since last request: 63.624887 seconds.
  path: Assets/Script
  artifactKey: Guid(2cc7ba77039a79a43bc6dfefd075b2fb) Importer(815301076,1909f56bfc062723c751e8b465ee728b)
Start importing Assets/Script using Guid(2cc7ba77039a79a43bc6dfefd075b2fb) Importer(815301076,1909f56bfc062723c751e8b465ee728b)  -> (artifact id: '945da3711e98007c5b51f6f9dd680c43') in 0.002684 seconds 
========================================================================
Received Import Request.
  Time since last request: 10.895288 seconds.
  path: Assets/Script/PlayerController.cs
  artifactKey: Guid(003dd504f0b40da4ca1f3bc1c994e544) Importer(815301076,1909f56bfc062723c751e8b465ee728b)
Start importing Assets/Script/PlayerController.cs using Guid(003dd504f0b40da4ca1f3bc1c994e544) Importer(815301076,1909f56bfc062723c751e8b465ee728b)  -> (artifact id: 'df5933157352c627341f2dba2c47b643') in 0.013480 seconds 
========================================================================
Received Prepare
Registering precompiled user dll's ...
Registered in 0.006749 seconds.
Begin MonoManager ReloadAssembly
Native extension for WindowsStandalone target not found
Refreshing native plugins compatible for Editor in 0.69 ms, found 2 plugins.
Preloading 0 native plugins for Editor in 0.00 ms.
Mono: successfully reloaded assembly
- Completed reload, in  1.067 seconds
Platform modules already initialized, skipping
Refreshing native plugins compatible for Editor in 0.71 ms, found 2 plugins.
Preloading 0 native plugins for Editor in 0.00 ms.
Unloading 3362 Unused Serialized files (Serialized files now loaded: 0)
System memory in use before: 140.2 MB.
System memory in use after: 140.3 MB.

Unloading 17 unused Assets to reduce memory usage. Loaded Objects now: 3961.
Total: 2.691500 ms (FindLiveObjects: 0.279800 ms CreateObjectMapping: 0.135600 ms MarkObjects: 2.177400 ms  DeleteObjects: 0.097400 ms)

